[debug] [2020-06-28T02:51:04.327Z] ----------------------------------------------------------------------
[debug] [2020-06-28T02:51:04.329Z] Command:       C:\Program Files\nodejs\node.exe C:\Users\ospeg\AppData\Roaming\npm\node_modules\firebase-tools\lib\bin\firebase.js deploy
[debug] [2020-06-28T02:51:04.329Z] CLI Version:   8.4.3
[debug] [2020-06-28T02:51:04.329Z] Platform:      win32
[debug] [2020-06-28T02:51:04.329Z] Node Version:  v12.17.0
[debug] [2020-06-28T02:51:04.330Z] Time:          Sat Jun 27 2020 21:51:04 GMT-0500 (GMT-05:00)
[debug] [2020-06-28T02:51:04.330Z] ----------------------------------------------------------------------
[debug] [2020-06-28T02:51:04.330Z] 
[debug] [2020-06-28T02:51:04.339Z] > command requires scopes: ["email","openid","https://www.googleapis.com/auth/cloudplatformprojects.readonly","https://www.googleapis.com/auth/firebase","https://www.googleapis.com/auth/cloud-platform"]
[debug] [2020-06-28T02:51:04.340Z] > authorizing via signed-in user
[debug] [2020-06-28T02:51:04.340Z] [iam] checking project login-ng-a48bf for permissions ["cloudfunctions.functions.create","cloudfunctions.functions.delete","cloudfunctions.functions.get","cloudfunctions.functions.list","cloudfunctions.functions.update","cloudfunctions.operations.get","firebase.projects.get","firebasehosting.sites.update"]
[debug] [2020-06-28T02:51:04.342Z] > refreshing access token with scopes: ["email","https://www.googleapis.com/auth/cloud-platform","https://www.googleapis.com/auth/cloudplatformprojects.readonly","https://www.googleapis.com/auth/firebase","openid"]
[debug] [2020-06-28T02:51:04.342Z] >>> HTTP REQUEST POST https://www.googleapis.com/oauth2/v3/token  
 <request body omitted>
[debug] [2020-06-28T02:51:04.514Z] <<< HTTP RESPONSE 200 {"content-type":"application/json; charset=utf-8","vary":"X-Origin, Referer, Origin,Accept-Encoding","date":"Sun, 28 Jun 2020 02:51:07 GMT","server":"scaffolding on HTTPServer2","cache-control":"private","x-xss-protection":"0","x-frame-options":"SAMEORIGIN","x-content-type-options":"nosniff","alt-svc":"h3-27=\":443\"; ma=2592000,h3-25=\":443\"; ma=2592000,h3-T050=\":443\"; ma=2592000,h3-Q050=\":443\"; ma=2592000,h3-Q046=\":443\"; ma=2592000,h3-Q043=\":443\"; ma=2592000,quic=\":443\"; ma=2592000; v=\"46,43\"","accept-ranges":"none","transfer-encoding":"chunked"}
[debug] [2020-06-28T02:51:04.530Z] >>> HTTP REQUEST POST https://cloudresourcemanager.googleapis.com/v1/projects/login-ng-a48bf:testIamPermissions  
 {"permissions":["cloudfunctions.functions.create","cloudfunctions.functions.delete","cloudfunctions.functions.get","cloudfunctions.functions.list","cloudfunctions.functions.update","cloudfunctions.operations.get","firebase.projects.get","firebasehosting.sites.update"]}
[debug] [2020-06-28T02:51:04.889Z] <<< HTTP RESPONSE 200 {"content-type":"application/json; charset=UTF-8","vary":"X-Origin, Referer, Origin,Accept-Encoding","date":"Sun, 28 Jun 2020 02:51:07 GMT","server":"ESF","cache-control":"private","x-xss-protection":"0","x-frame-options":"SAMEORIGIN","x-content-type-options":"nosniff","server-timing":"gfet4t7; dur=229","alt-svc":"h3-27=\":443\"; ma=2592000,h3-25=\":443\"; ma=2592000,h3-T050=\":443\"; ma=2592000,h3-Q050=\":443\"; ma=2592000,h3-Q046=\":443\"; ma=2592000,h3-Q043=\":443\"; ma=2592000,quic=\":443\"; ma=2592000; v=\"46,43\"","accept-ranges":"none","transfer-encoding":"chunked"}
[debug] [2020-06-28T02:51:04.890Z] >>> HTTP REQUEST POST https://iam.googleapis.com/v1/projects/login-ng-a48bf/serviceAccounts/login-ng-a48bf@appspot.gserviceaccount.com:testIamPermissions  
 {"permissions":["iam.serviceAccounts.actAs"]}
